[18-Mar-2026 07:52:57 UTC] PHP Fatal error:  Uncaught TypeError: Cannot access offset of type string on string in /Users/lucasalmeida/Local Sites/hotelcms/app/public/wp-content/themes/hotel-theme/index.php:10
Stack trace:
#0 /Users/lucasalmeida/Local Sites/hotelcms/app/public/wp-includes/template-loader.php(132): include()
#1 /Users/lucasalmeida/Local Sites/hotelcms/app/public/wp-blog-header.php(19): require_once('/Users/lucasalm...')
#2 /Users/lucasalmeida/Local Sites/hotelcms/app/public/index.php(17): require('/Users/lucasalm...')
#3 {main}
  thrown in /Users/lucasalmeida/Local Sites/hotelcms/app/public/wp-content/themes/hotel-theme/index.php on line 10
[18-Mar-2026 07:54:02 UTC] PHP Fatal error:  Uncaught Error: Call to undefined function get_field() in /Users/lucasalmeida/Local Sites/hotelcms/app/public/wp-content/themes/hotel-theme/index.php:7
Stack trace:
#0 /Users/lucasalmeida/Local Sites/hotelcms/app/public/wp-includes/template-loader.php(132): include()
#1 /Users/lucasalmeida/Local Sites/hotelcms/app/public/wp-blog-header.php(19): require_once('/Users/lucasalm...')
#2 /Users/lucasalmeida/Local Sites/hotelcms/app/public/index.php(17): require('/Users/lucasalm...')
#3 {main}
  thrown in /Users/lucasalmeida/Local Sites/hotelcms/app/public/wp-content/themes/hotel-theme/index.php on line 7
[18-Mar-2026 07:54:51 UTC] PHP Fatal error:  Uncaught TypeError: Cannot access offset of type string on string in /Users/lucasalmeida/Local Sites/hotelcms/app/public/wp-content/themes/hotel-theme/index.php:10
Stack trace:
#0 /Users/lucasalmeida/Local Sites/hotelcms/app/public/wp-includes/template-loader.php(132): include()
#1 /Users/lucasalmeida/Local Sites/hotelcms/app/public/wp-blog-header.php(19): require_once('/Users/lucasalm...')
#2 /Users/lucasalmeida/Local Sites/hotelcms/app/public/index.php(17): require('/Users/lucasalm...')
#3 {main}
  thrown in /Users/lucasalmeida/Local Sites/hotelcms/app/public/wp-content/themes/hotel-theme/index.php on line 10
[18-Mar-2026 07:57:01 UTC] PHP Fatal error:  Uncaught TypeError: Cannot access offset of type string on string in /Users/lucasalmeida/Local Sites/hotelcms/app/public/wp-content/themes/hotel-theme/index.php:10
Stack trace:
#0 /Users/lucasalmeida/Local Sites/hotelcms/app/public/wp-includes/template-loader.php(132): include()
#1 /Users/lucasalmeida/Local Sites/hotelcms/app/public/wp-blog-header.php(19): require_once('/Users/lucasalm...')
#2 /Users/lucasalmeida/Local Sites/hotelcms/app/public/index.php(17): require('/Users/lucasalm...')
#3 {main}
  thrown in /Users/lucasalmeida/Local Sites/hotelcms/app/public/wp-content/themes/hotel-theme/index.php on line 10
[18-Mar-2026 07:57:16 UTC] PHP Fatal error:  Uncaught TypeError: Cannot access offset of type string on string in /Users/lucasalmeida/Local Sites/hotelcms/app/public/wp-content/themes/hotel-theme/index.php:10
Stack trace:
#0 /Users/lucasalmeida/Local Sites/hotelcms/app/public/wp-includes/template-loader.php(132): include()
#1 /Users/lucasalmeida/Local Sites/hotelcms/app/public/wp-blog-header.php(19): require_once('/Users/lucasalm...')
#2 /Users/lucasalmeida/Local Sites/hotelcms/app/public/index.php(17): require('/Users/lucasalm...')
#3 {main}
  thrown in /Users/lucasalmeida/Local Sites/hotelcms/app/public/wp-content/themes/hotel-theme/index.php on line 10
[18-Mar-2026 07:57:54 UTC] PHP Fatal error:  Uncaught TypeError: Cannot access offset of type string on string in /Users/lucasalmeida/Local Sites/hotelcms/app/public/wp-content/themes/hotel-theme/index.php:10
Stack trace:
#0 /Users/lucasalmeida/Local Sites/hotelcms/app/public/wp-includes/template-loader.php(132): include()
#1 /Users/lucasalmeida/Local Sites/hotelcms/app/public/wp-blog-header.php(19): require_once('/Users/lucasalm...')
#2 /Users/lucasalmeida/Local Sites/hotelcms/app/public/index.php(17): require('/Users/lucasalm...')
#3 {main}
  thrown in /Users/lucasalmeida/Local Sites/hotelcms/app/public/wp-content/themes/hotel-theme/index.php on line 10
[18-Mar-2026 08:03:14 UTC] PHP Fatal error:  Uncaught TypeError: Cannot access offset of type string on string in /Users/lucasalmeida/Local Sites/hotelcms/app/public/wp-content/themes/hotel-theme/index.php:10
Stack trace:
#0 /Users/lucasalmeida/Local Sites/hotelcms/app/public/wp-includes/template-loader.php(132): include()
#1 /Users/lucasalmeida/Local Sites/hotelcms/app/public/wp-blog-header.php(19): require_once('/Users/lucasalm...')
#2 /Users/lucasalmeida/Local Sites/hotelcms/app/public/index.php(17): require('/Users/lucasalm...')
#3 {main}
  thrown in /Users/lucasalmeida/Local Sites/hotelcms/app/public/wp-content/themes/hotel-theme/index.php on line 10
[18-Mar-2026 08:03:36 UTC] PHP Fatal error:  Uncaught Error: Call to undefined function get_field() in /Users/lucasalmeida/Local Sites/hotelcms/app/public/wp-content/themes/hotel-theme/index.php:7
Stack trace:
#0 /Users/lucasalmeida/Local Sites/hotelcms/app/public/wp-includes/template-loader.php(132): include()
#1 /Users/lucasalmeida/Local Sites/hotelcms/app/public/wp-blog-header.php(19): require_once('/Users/lucasalm...')
#2 /Users/lucasalmeida/Local Sites/hotelcms/app/public/index.php(17): require('/Users/lucasalm...')
#3 {main}
  thrown in /Users/lucasalmeida/Local Sites/hotelcms/app/public/wp-content/themes/hotel-theme/index.php on line 7
[18-Mar-2026 08:03:50 UTC] PHP Fatal error:  Uncaught TypeError: Cannot access offset of type string on string in /Users/lucasalmeida/Local Sites/hotelcms/app/public/wp-content/themes/hotel-theme/index.php:10
Stack trace:
#0 /Users/lucasalmeida/Local Sites/hotelcms/app/public/wp-includes/template-loader.php(132): include()
#1 /Users/lucasalmeida/Local Sites/hotelcms/app/public/wp-blog-header.php(19): require_once('/Users/lucasalm...')
#2 /Users/lucasalmeida/Local Sites/hotelcms/app/public/index.php(17): require('/Users/lucasalm...')
#3 {main}
  thrown in /Users/lucasalmeida/Local Sites/hotelcms/app/public/wp-content/themes/hotel-theme/index.php on line 10
[18-Mar-2026 08:06:18 UTC] PHP Fatal error:  Uncaught Error: Call to undefined function get_field() in /Users/lucasalmeida/Local Sites/hotelcms/app/public/wp-content/themes/hotel-theme/index.php:7
Stack trace:
#0 /Users/lucasalmeida/Local Sites/hotelcms/app/public/wp-includes/template-loader.php(132): include()
#1 /Users/lucasalmeida/Local Sites/hotelcms/app/public/wp-blog-header.php(19): require_once('/Users/lucasalm...')
#2 /Users/lucasalmeida/Local Sites/hotelcms/app/public/index.php(17): require('/Users/lucasalm...')
#3 {main}
  thrown in /Users/lucasalmeida/Local Sites/hotelcms/app/public/wp-content/themes/hotel-theme/index.php on line 7
[18-Mar-2026 08:08:57 UTC] PHP Fatal error:  Uncaught TypeError: Cannot access offset of type string on string in /Users/lucasalmeida/Local Sites/hotelcms/app/public/wp-content/themes/hotel-theme/index.php:10
Stack trace:
#0 /Users/lucasalmeida/Local Sites/hotelcms/app/public/wp-includes/template-loader.php(132): include()
#1 /Users/lucasalmeida/Local Sites/hotelcms/app/public/wp-blog-header.php(19): require_once('/Users/lucasalm...')
#2 /Users/lucasalmeida/Local Sites/hotelcms/app/public/index.php(17): require('/Users/lucasalm...')
#3 {main}
  thrown in /Users/lucasalmeida/Local Sites/hotelcms/app/public/wp-content/themes/hotel-theme/index.php on line 10
[18-Mar-2026 08:13:06 UTC] PHP Fatal error:  Uncaught TypeError: Cannot access offset of type string on string in /Users/lucasalmeida/Local Sites/hotelcms/app/public/wp-content/themes/hotel-theme/index.php:10
Stack trace:
#0 /Users/lucasalmeida/Local Sites/hotelcms/app/public/wp-includes/template-loader.php(132): include()
#1 /Users/lucasalmeida/Local Sites/hotelcms/app/public/wp-blog-header.php(19): require_once('/Users/lucasalm...')
#2 /Users/lucasalmeida/Local Sites/hotelcms/app/public/index.php(17): require('/Users/lucasalm...')
#3 {main}
  thrown in /Users/lucasalmeida/Local Sites/hotelcms/app/public/wp-content/themes/hotel-theme/index.php on line 10
[25-Mar-2026 11:10:21 UTC] Automatic updates starting...
[25-Mar-2026 11:10:21 UTC]   Automatic plugin updates starting...
[25-Mar-2026 11:10:21 UTC]   Automatic plugin updates complete.
[25-Mar-2026 11:10:21 UTC] Automatic updates complete.
[25-Mar-2026 12:08:27 UTC] PHP Warning:  Array to string conversion in /Users/lucasalmeida/Local Sites/hotelcms/app/public/wp-content/themes/hotel-theme/template-parts/index-reviews.php on line 12
[25-Mar-2026 12:10:04 UTC] PHP Warning:  Array to string conversion in /Users/lucasalmeida/Local Sites/hotelcms/app/public/wp-content/themes/hotel-theme/template-parts/index-reviews.php on line 12
[25-Mar-2026 12:17:26 UTC] PHP Warning:  Attempt to read property "ID" on array in /Users/lucasalmeida/Local Sites/hotelcms/app/public/wp-content/themes/hotel-theme/template-parts/index-reviews.php on line 9
[25-Mar-2026 12:17:26 UTC] PHP Warning:  Attempt to read property "ID" on array in /Users/lucasalmeida/Local Sites/hotelcms/app/public/wp-content/themes/hotel-theme/template-parts/index-reviews.php on line 10
[25-Mar-2026 12:17:26 UTC] PHP Warning:  Attempt to read property "ID" on array in /Users/lucasalmeida/Local Sites/hotelcms/app/public/wp-content/themes/hotel-theme/template-parts/index-reviews.php on line 11
[25-Mar-2026 13:29:26 UTC] PHP Warning:  Array to string conversion in /Users/lucasalmeida/Local Sites/hotelcms/app/public/wp-content/themes/hotel-theme/template-parts/index-contact.php on line 10
[25-Mar-2026 13:31:10 UTC] PHP Warning:  Array to string conversion in /Users/lucasalmeida/Local Sites/hotelcms/app/public/wp-content/themes/hotel-theme/template-parts/index-contact.php on line 10
[25-Mar-2026 13:32:22 UTC] PHP Warning:  Array to string conversion in /Users/lucasalmeida/Local Sites/hotelcms/app/public/wp-content/themes/hotel-theme/template-parts/index-contact.php on line 9
[25-Mar-2026 13:32:38 UTC] PHP Warning:  Array to string conversion in /Users/lucasalmeida/Local Sites/hotelcms/app/public/wp-content/themes/hotel-theme/template-parts/index-contact.php on line 9
[25-Mar-2026 13:33:08 UTC] PHP Warning:  Array to string conversion in /Users/lucasalmeida/Local Sites/hotelcms/app/public/wp-content/themes/hotel-theme/template-parts/index-contact.php on line 9
[25-Mar-2026 13:33:37 UTC] PHP Warning:  Array to string conversion in /Users/lucasalmeida/Local Sites/hotelcms/app/public/wp-content/themes/hotel-theme/template-parts/index-contact.php on line 9
[25-Mar-2026 13:33:51 UTC] PHP Warning:  Array to string conversion in /Users/lucasalmeida/Local Sites/hotelcms/app/public/wp-content/themes/hotel-theme/template-parts/index-contact.php on line 9
[25-Mar-2026 13:34:19 UTC] PHP Warning:  Array to string conversion in /Users/lucasalmeida/Local Sites/hotelcms/app/public/wp-content/themes/hotel-theme/template-parts/index-contact.php on line 9
[25-Mar-2026 13:35:07 UTC] PHP Warning:  Array to string conversion in /Users/lucasalmeida/Local Sites/hotelcms/app/public/wp-content/themes/hotel-theme/template-parts/index-contact.php on line 9
[25-Mar-2026 13:38:50 UTC] PHP Warning:  Array to string conversion in /Users/lucasalmeida/Local Sites/hotelcms/app/public/wp-content/themes/hotel-theme/template-parts/index-contact.php on line 9
[25-Mar-2026 13:39:39 UTC] PHP Warning:  Array to string conversion in /Users/lucasalmeida/Local Sites/hotelcms/app/public/wp-content/themes/hotel-theme/template-parts/index-contact.php on line 9
[25-Mar-2026 13:40:18 UTC] PHP Warning:  Array to string conversion in /Users/lucasalmeida/Local Sites/hotelcms/app/public/wp-content/themes/hotel-theme/template-parts/index-contact.php on line 9
